# Logfile created on 2014-02-02 13:03:53 -0600 by logger.rb/44203
I, [2014-02-02T13:03:53.542166 #50234]  INFO -- : 0:  rake (10.0.4) from /Users/brandonbuck/.rvm/gems/ruby-2.1.0/specifications/rake-10.0.4.gemspec
I, [2014-02-02T13:03:55.127035 #50234]  INFO -- : 0:  i18n (0.6.4) from /Users/brandonbuck/.rvm/gems/ruby-2.1.0/specifications/i18n-0.6.4.gemspec
I, [2014-02-02T13:03:55.127380 #50234]  INFO -- : 0:  minitest (4.7.5) from /Users/brandonbuck/.rvm/rubies/ruby-2.1.0/lib/ruby/gems/2.1.0/specifications/default/minitest-4.7.5.gemspec
I, [2014-02-02T13:03:56.072314 #50234]  INFO -- : 0:  multi_json (1.7.7) from /Users/brandonbuck/.rvm/gems/ruby-2.1.0/specifications/multi_json-1.7.7.gemspec
I, [2014-02-02T13:03:57.658950 #50234]  INFO -- : 0:  atomic (1.1.10) from /Users/brandonbuck/.rvm/gems/ruby-2.1.0/specifications/atomic-1.1.10.gemspec
I, [2014-02-02T13:03:58.866701 #50234]  INFO -- : 0:  thread_safe (0.1.0) from /Users/brandonbuck/.rvm/gems/ruby-2.1.0/specifications/thread_safe-0.1.0.gemspec
I, [2014-02-02T13:04:01.099475 #50234]  INFO -- : 0:  tzinfo (0.3.37) from /Users/brandonbuck/.rvm/gems/ruby-2.1.0/specifications/tzinfo-0.3.37.gemspec
I, [2014-02-02T13:04:02.450205 #50234]  INFO -- : 0:  activesupport (4.0.0) from /Users/brandonbuck/.rvm/gems/ruby-2.1.0/specifications/activesupport-4.0.0.gemspec
I, [2014-02-02T13:04:03.693004 #50234]  INFO -- : 0:  builder (3.1.4) from /Users/brandonbuck/.rvm/gems/ruby-2.1.0/specifications/builder-3.1.4.gemspec
I, [2014-02-02T13:04:04.978462 #50234]  INFO -- : 0:  activemodel (4.0.0) from /Users/brandonbuck/.rvm/gems/ruby-2.1.0/specifications/activemodel-4.0.0.gemspec
I, [2014-02-02T13:04:06.331323 #50234]  INFO -- : 0:  activerecord-deprecated_finders (1.0.3) from /Users/brandonbuck/.rvm/gems/ruby-2.1.0/specifications/activerecord-deprecated_finders-1.0.3.gemspec
I, [2014-02-02T13:04:08.016675 #50234]  INFO -- : 0:  arel (4.0.0) from /Users/brandonbuck/.rvm/gems/ruby-2.1.0/specifications/arel-4.0.0.gemspec
I, [2014-02-02T13:04:10.033912 #50234]  INFO -- : 0:  activerecord (4.0.0) from /Users/brandonbuck/.rvm/gems/ruby-2.1.0/specifications/activerecord-4.0.0.gemspec
I, [2014-02-02T13:04:10.952595 #50234]  INFO -- : 0:  coderay (1.0.9) from /Users/brandonbuck/.rvm/gems/ruby-2.1.0/specifications/coderay-1.0.9.gemspec
I, [2014-02-02T13:04:12.169599 #50234]  INFO -- : 0:  highline (1.6.19) from /Users/brandonbuck/.rvm/gems/ruby-2.1.0/specifications/highline-1.6.19.gemspec
I, [2014-02-02T13:04:13.106256 #50234]  INFO -- : 0:  commander (4.1.3) from /Users/brandonbuck/.rvm/gems/ruby-2.1.0/specifications/commander-4.1.3.gemspec
I, [2014-02-02T13:04:13.965713 #50234]  INFO -- : 0:  eleetscript (0.0.2a) from /Users/brandonbuck/.rvm/gems/ruby-2.1.0/specifications/eleetscript-0.0.2a.gemspec
I, [2014-02-02T13:04:22.605776 #50234]  INFO -- : 0:  eventmachine (1.0.3) from /Users/brandonbuck/.rvm/gems/ruby-2.1.0/specifications/eventmachine-1.0.3.gemspec
I, [2014-02-02T13:04:23.428971 #50234]  INFO -- : 0:  method_source (0.8.1) from /Users/brandonbuck/.rvm/gems/ruby-2.1.0/specifications/method_source-0.8.1.gemspec
I, [2014-02-02T13:04:28.403995 #50234]  INFO -- : 0:  pg (0.15.1) from /Users/brandonbuck/.rvm/gems/ruby-2.1.0/specifications/pg-0.15.1.gemspec
I, [2014-02-02T13:04:29.932957 #50234]  INFO -- : 0:  slop (3.4.5) from /Users/brandonbuck/.rvm/gems/ruby-2.1.0/specifications/slop-3.4.5.gemspec
I, [2014-02-02T13:04:31.199205 #50234]  INFO -- : 0:  pry (0.9.12.2) from /Users/brandonbuck/.rvm/gems/ruby-2.1.0/specifications/pry-0.9.12.2.gemspec
I, [2014-02-02T13:04:31.199578 #50234]  INFO -- : 0:  bundler (1.5.1) from /Users/brandonbuck/.rvm/gems/ruby-2.1.0@global/specifications/bundler-1.5.1.gemspec
I, [2014-02-02T13:07:15.965709 #51570]  INFO -- : 0:  rake (10.0.4) from /Users/brandonbuck/.rvm/gems/ruby-2.1.0/specifications/rake-10.0.4.gemspec
I, [2014-02-02T13:07:15.966057 #51570]  INFO -- : 0:  i18n (0.6.4) from /Users/brandonbuck/.rvm/gems/ruby-2.1.0/specifications/i18n-0.6.4.gemspec
I, [2014-02-02T13:07:15.966301 #51570]  INFO -- : 0:  minitest (4.7.5) from /Users/brandonbuck/.rvm/rubies/ruby-2.1.0/lib/ruby/gems/2.1.0/specifications/default/minitest-4.7.5.gemspec
I, [2014-02-02T13:07:15.966544 #51570]  INFO -- : 0:  multi_json (1.7.7) from /Users/brandonbuck/.rvm/gems/ruby-2.1.0/specifications/multi_json-1.7.7.gemspec
I, [2014-02-02T13:07:15.966773 #51570]  INFO -- : 0:  atomic (1.1.10) from /Users/brandonbuck/.rvm/gems/ruby-2.1.0/specifications/atomic-1.1.10.gemspec
I, [2014-02-02T13:07:15.966998 #51570]  INFO -- : 0:  thread_safe (0.1.0) from /Users/brandonbuck/.rvm/gems/ruby-2.1.0/specifications/thread_safe-0.1.0.gemspec
I, [2014-02-02T13:07:15.967221 #51570]  INFO -- : 0:  tzinfo (0.3.37) from /Users/brandonbuck/.rvm/gems/ruby-2.1.0/specifications/tzinfo-0.3.37.gemspec
I, [2014-02-02T13:07:15.967435 #51570]  INFO -- : 0:  activesupport (4.0.0) from /Users/brandonbuck/.rvm/gems/ruby-2.1.0/specifications/activesupport-4.0.0.gemspec
I, [2014-02-02T13:07:15.967651 #51570]  INFO -- : 0:  builder (3.1.4) from /Users/brandonbuck/.rvm/gems/ruby-2.1.0/specifications/builder-3.1.4.gemspec
I, [2014-02-02T13:07:15.967873 #51570]  INFO -- : 0:  activemodel (4.0.0) from /Users/brandonbuck/.rvm/gems/ruby-2.1.0/specifications/activemodel-4.0.0.gemspec
I, [2014-02-02T13:07:15.968095 #51570]  INFO -- : 0:  activerecord-deprecated_finders (1.0.3) from /Users/brandonbuck/.rvm/gems/ruby-2.1.0/specifications/activerecord-deprecated_finders-1.0.3.gemspec
I, [2014-02-02T13:07:15.968309 #51570]  INFO -- : 0:  arel (4.0.0) from /Users/brandonbuck/.rvm/gems/ruby-2.1.0/specifications/arel-4.0.0.gemspec
I, [2014-02-02T13:07:15.968531 #51570]  INFO -- : 0:  activerecord (4.0.0) from /Users/brandonbuck/.rvm/gems/ruby-2.1.0/specifications/activerecord-4.0.0.gemspec
I, [2014-02-02T13:07:15.968745 #51570]  INFO -- : 0:  coderay (1.0.9) from /Users/brandonbuck/.rvm/gems/ruby-2.1.0/specifications/coderay-1.0.9.gemspec
I, [2014-02-02T13:07:15.968960 #51570]  INFO -- : 0:  highline (1.6.19) from /Users/brandonbuck/.rvm/gems/ruby-2.1.0/specifications/highline-1.6.19.gemspec
I, [2014-02-02T13:07:15.969171 #51570]  INFO -- : 0:  commander (4.1.3) from /Users/brandonbuck/.rvm/gems/ruby-2.1.0/specifications/commander-4.1.3.gemspec
I, [2014-02-02T13:07:17.428637 #51570]  INFO -- : 0:  eleetscript (0.0.3a) from /Users/brandonbuck/.rvm/gems/ruby-2.1.0/specifications/eleetscript-0.0.3a.gemspec
I, [2014-02-02T13:07:17.428949 #51570]  INFO -- : 0:  eventmachine (1.0.3) from /Users/brandonbuck/.rvm/gems/ruby-2.1.0/specifications/eventmachine-1.0.3.gemspec
I, [2014-02-02T13:07:17.429202 #51570]  INFO -- : 0:  method_source (0.8.1) from /Users/brandonbuck/.rvm/gems/ruby-2.1.0/specifications/method_source-0.8.1.gemspec
I, [2014-02-02T13:07:17.429419 #51570]  INFO -- : 0:  pg (0.15.1) from /Users/brandonbuck/.rvm/gems/ruby-2.1.0/specifications/pg-0.15.1.gemspec
I, [2014-02-02T13:07:17.429638 #51570]  INFO -- : 0:  slop (3.4.5) from /Users/brandonbuck/.rvm/gems/ruby-2.1.0/specifications/slop-3.4.5.gemspec
I, [2014-02-02T13:07:17.429858 #51570]  INFO -- : 0:  pry (0.9.12.2) from /Users/brandonbuck/.rvm/gems/ruby-2.1.0/specifications/pry-0.9.12.2.gemspec
I, [2014-02-02T13:07:17.430075 #51570]  INFO -- : 0:  bundler (1.5.1) from /Users/brandonbuck/.rvm/gems/ruby-2.1.0@global/specifications/bundler-1.5.1.gemspec
I, [2014-02-02T23:51:58.282777 #59323]  INFO -- : 0:  rake (10.0.4) from /Users/brandonbuck/.rvm/gems/ruby-2.1.0/specifications/rake-10.0.4.gemspec
I, [2014-02-02T23:51:58.283090 #59323]  INFO -- : 0:  i18n (0.6.4) from /Users/brandonbuck/.rvm/gems/ruby-2.1.0/specifications/i18n-0.6.4.gemspec
I, [2014-02-02T23:51:58.283323 #59323]  INFO -- : 0:  minitest (4.7.5) from /Users/brandonbuck/.rvm/rubies/ruby-2.1.0/lib/ruby/gems/2.1.0/specifications/default/minitest-4.7.5.gemspec
I, [2014-02-02T23:51:58.283547 #59323]  INFO -- : 0:  multi_json (1.7.7) from /Users/brandonbuck/.rvm/gems/ruby-2.1.0/specifications/multi_json-1.7.7.gemspec
I, [2014-02-02T23:51:58.283772 #59323]  INFO -- : 0:  atomic (1.1.10) from /Users/brandonbuck/.rvm/gems/ruby-2.1.0/specifications/atomic-1.1.10.gemspec
I, [2014-02-02T23:51:58.283988 #59323]  INFO -- : 0:  thread_safe (0.1.0) from /Users/brandonbuck/.rvm/gems/ruby-2.1.0/specifications/thread_safe-0.1.0.gemspec
I, [2014-02-02T23:51:58.284224 #59323]  INFO -- : 0:  tzinfo (0.3.37) from /Users/brandonbuck/.rvm/gems/ruby-2.1.0/specifications/tzinfo-0.3.37.gemspec
I, [2014-02-02T23:51:58.284436 #59323]  INFO -- : 0:  activesupport (4.0.0) from /Users/brandonbuck/.rvm/gems/ruby-2.1.0/specifications/activesupport-4.0.0.gemspec
I, [2014-02-02T23:51:58.284650 #59323]  INFO -- : 0:  builder (3.1.4) from /Users/brandonbuck/.rvm/gems/ruby-2.1.0/specifications/builder-3.1.4.gemspec
I, [2014-02-02T23:51:58.284860 #59323]  INFO -- : 0:  activemodel (4.0.0) from /Users/brandonbuck/.rvm/gems/ruby-2.1.0/specifications/activemodel-4.0.0.gemspec
I, [2014-02-02T23:51:58.285084 #59323]  INFO -- : 0:  activerecord-deprecated_finders (1.0.3) from /Users/brandonbuck/.rvm/gems/ruby-2.1.0/specifications/activerecord-deprecated_finders-1.0.3.gemspec
I, [2014-02-02T23:51:58.285296 #59323]  INFO -- : 0:  arel (4.0.0) from /Users/brandonbuck/.rvm/gems/ruby-2.1.0/specifications/arel-4.0.0.gemspec
I, [2014-02-02T23:51:58.285510 #59323]  INFO -- : 0:  activerecord (4.0.0) from /Users/brandonbuck/.rvm/gems/ruby-2.1.0/specifications/activerecord-4.0.0.gemspec
I, [2014-02-02T23:52:00.966819 #59323]  INFO -- : 0:  bcrypt-ruby (3.1.2) from /Users/brandonbuck/.rvm/gems/ruby-2.1.0/specifications/bcrypt-ruby-3.1.2.gemspec
I, [2014-02-02T23:52:00.967280 #59323]  INFO -- : 0:  coderay (1.0.9) from /Users/brandonbuck/.rvm/gems/ruby-2.1.0/specifications/coderay-1.0.9.gemspec
I, [2014-02-02T23:52:00.967596 #59323]  INFO -- : 0:  highline (1.6.19) from /Users/brandonbuck/.rvm/gems/ruby-2.1.0/specifications/highline-1.6.19.gemspec
I, [2014-02-02T23:52:00.967918 #59323]  INFO -- : 0:  commander (4.1.3) from /Users/brandonbuck/.rvm/gems/ruby-2.1.0/specifications/commander-4.1.3.gemspec
I, [2014-02-02T23:52:00.968332 #59323]  INFO -- : 0:  eleetscript (0.0.3a) from /Users/brandonbuck/.rvm/gems/ruby-2.1.0/specifications/eleetscript-0.0.3a.gemspec
I, [2014-02-02T23:52:00.968664 #59323]  INFO -- : 0:  eventmachine (1.0.3) from /Users/brandonbuck/.rvm/gems/ruby-2.1.0/specifications/eventmachine-1.0.3.gemspec
I, [2014-02-02T23:52:00.968979 #59323]  INFO -- : 0:  method_source (0.8.1) from /Users/brandonbuck/.rvm/gems/ruby-2.1.0/specifications/method_source-0.8.1.gemspec
I, [2014-02-02T23:52:00.969298 #59323]  INFO -- : 0:  pg (0.15.1) from /Users/brandonbuck/.rvm/gems/ruby-2.1.0/specifications/pg-0.15.1.gemspec
I, [2014-02-02T23:52:00.969604 #59323]  INFO -- : 0:  slop (3.4.5) from /Users/brandonbuck/.rvm/gems/ruby-2.1.0/specifications/slop-3.4.5.gemspec
I, [2014-02-02T23:52:00.969932 #59323]  INFO -- : 0:  pry (0.9.12.2) from /Users/brandonbuck/.rvm/gems/ruby-2.1.0/specifications/pry-0.9.12.2.gemspec
I, [2014-02-02T23:52:00.970243 #59323]  INFO -- : 0:  bundler (1.5.1) from /Users/brandonbuck/.rvm/gems/ruby-2.1.0@global/specifications/bundler-1.5.1.gemspec
I, [2014-02-03T10:56:08.329059 #63036]  INFO -- : 0:  rake (10.0.4) from /Users/brandonbuck/.rvm/gems/ruby-2.1.0@laeronmud/specifications/rake-10.0.4.gemspec
I, [2014-02-03T10:56:09.653616 #63036]  INFO -- : 0:  i18n (0.6.4) from /Users/brandonbuck/.rvm/gems/ruby-2.1.0@laeronmud/specifications/i18n-0.6.4.gemspec
I, [2014-02-03T10:56:09.653907 #63036]  INFO -- : 0:  minitest (4.7.5) from /Users/brandonbuck/.rvm/rubies/ruby-2.1.0/lib/ruby/gems/2.1.0/specifications/default/minitest-4.7.5.gemspec
I, [2014-02-03T10:56:10.577968 #63036]  INFO -- : 0:  multi_json (1.7.7) from /Users/brandonbuck/.rvm/gems/ruby-2.1.0@laeronmud/specifications/multi_json-1.7.7.gemspec
I, [2014-02-03T10:56:12.098933 #63036]  INFO -- : 0:  atomic (1.1.10) from /Users/brandonbuck/.rvm/gems/ruby-2.1.0@laeronmud/specifications/atomic-1.1.10.gemspec
I, [2014-02-03T10:56:13.200005 #63036]  INFO -- : 0:  thread_safe (0.1.0) from /Users/brandonbuck/.rvm/gems/ruby-2.1.0@laeronmud/specifications/thread_safe-0.1.0.gemspec
I, [2014-02-03T10:56:15.289282 #63036]  INFO -- : 0:  tzinfo (0.3.37) from /Users/brandonbuck/.rvm/gems/ruby-2.1.0@laeronmud/specifications/tzinfo-0.3.37.gemspec
I, [2014-02-03T10:56:16.513250 #63036]  INFO -- : 0:  activesupport (4.0.0) from /Users/brandonbuck/.rvm/gems/ruby-2.1.0@laeronmud/specifications/activesupport-4.0.0.gemspec
I, [2014-02-03T10:56:17.304472 #63036]  INFO -- : 0:  builder (3.1.4) from /Users/brandonbuck/.rvm/gems/ruby-2.1.0@laeronmud/specifications/builder-3.1.4.gemspec
I, [2014-02-03T10:56:18.176968 #63036]  INFO -- : 0:  activemodel (4.0.0) from /Users/brandonbuck/.rvm/gems/ruby-2.1.0@laeronmud/specifications/activemodel-4.0.0.gemspec
I, [2014-02-03T10:56:19.194078 #63036]  INFO -- : 0:  activerecord-deprecated_finders (1.0.3) from /Users/brandonbuck/.rvm/gems/ruby-2.1.0@laeronmud/specifications/activerecord-deprecated_finders-1.0.3.gemspec
I, [2014-02-03T10:56:20.450346 #63036]  INFO -- : 0:  arel (4.0.0) from /Users/brandonbuck/.rvm/gems/ruby-2.1.0@laeronmud/specifications/arel-4.0.0.gemspec
I, [2014-02-03T10:56:21.620853 #63036]  INFO -- : 0:  activerecord (4.0.0) from /Users/brandonbuck/.rvm/gems/ruby-2.1.0@laeronmud/specifications/activerecord-4.0.0.gemspec
I, [2014-02-03T10:56:23.526864 #63036]  INFO -- : 0:  bcrypt-ruby (3.1.2) from /Users/brandonbuck/.rvm/gems/ruby-2.1.0@laeronmud/specifications/bcrypt-ruby-3.1.2.gemspec
I, [2014-02-03T10:56:24.569233 #63036]  INFO -- : 0:  coderay (1.0.9) from /Users/brandonbuck/.rvm/gems/ruby-2.1.0@laeronmud/specifications/coderay-1.0.9.gemspec
I, [2014-02-03T10:56:27.281690 #63036]  INFO -- : 0:  highline (1.6.19) from /Users/brandonbuck/.rvm/gems/ruby-2.1.0@laeronmud/specifications/highline-1.6.19.gemspec
I, [2014-02-03T10:56:29.864691 #63036]  INFO -- : 0:  commander (4.1.3) from /Users/brandonbuck/.rvm/gems/ruby-2.1.0@laeronmud/specifications/commander-4.1.3.gemspec
I, [2014-02-03T10:56:31.150611 #63036]  INFO -- : 0:  eleetscript (0.0.3a) from /Users/brandonbuck/.rvm/gems/ruby-2.1.0@laeronmud/specifications/eleetscript-0.0.3a.gemspec
I, [2014-02-03T10:56:39.778783 #63036]  INFO -- : 0:  eventmachine (1.0.3) from /Users/brandonbuck/.rvm/gems/ruby-2.1.0@laeronmud/specifications/eventmachine-1.0.3.gemspec
I, [2014-02-03T10:56:40.537092 #63036]  INFO -- : 0:  method_source (0.8.1) from /Users/brandonbuck/.rvm/gems/ruby-2.1.0@laeronmud/specifications/method_source-0.8.1.gemspec
I, [2014-02-03T10:56:45.356373 #63036]  INFO -- : 0:  pg (0.15.1) from /Users/brandonbuck/.rvm/gems/ruby-2.1.0@laeronmud/specifications/pg-0.15.1.gemspec
I, [2014-02-03T10:56:46.595992 #63036]  INFO -- : 0:  slop (3.4.5) from /Users/brandonbuck/.rvm/gems/ruby-2.1.0@laeronmud/specifications/slop-3.4.5.gemspec
I, [2014-02-03T10:56:48.246867 #63036]  INFO -- : 0:  pry (0.9.12.2) from /Users/brandonbuck/.rvm/gems/ruby-2.1.0@laeronmud/specifications/pry-0.9.12.2.gemspec
I, [2014-02-03T10:56:48.247249 #63036]  INFO -- : 0:  bundler (1.5.1) from /Users/brandonbuck/.rvm/gems/ruby-2.1.0@global/specifications/bundler-1.5.1.gemspec
